#
# There is insufficient memory for the Java Runtime Environment to continue.
# Native memory allocation (malloc) failed to allocate 1405296 bytes for Chunk::new
# Possible reasons:
#   The system is out of physical RAM or swap space
#   In 32 bit mode, the process size limit was hit
# Possible solutions:
#   Reduce memory load on the system
#   Increase physical memory or swap space
#   Check if swap backing store is full
#   Use 64 bit Java on a 64 bit OS
#   Decrease Java heap size (-Xmx/-Xms)
#   Decrease number of Java threads
#   Decrease Java thread stack sizes (-Xss)
#   Set larger code cache with -XX:ReservedCodeCacheSize=
# This output file may be truncated or incomplete.
#
#  Out of Memory Error (allocation.cpp:390), pid=2192, tid=0x0000000000005b8c
#
# JRE version: Java(TM) SE Runtime Environment (8.0_162-b12) (build 1.8.0_162-b12)
# Java VM: Java HotSpot(TM) 64-Bit Server VM (25.162-b12 mixed mode windows-amd64 compressed oops)
# Failed to write core dump. Minidumps are not enabled by default on client versions of Windows
#

---------------  T H R E A D  ---------------

Current thread (0x000000001a31b000):  JavaThread "C2 CompilerThread0" daemon [_thread_in_native, id=23436, stack(0x000000001a980000,0x000000001aa80000)]

Stack: [0x000000001a980000,0x000000001aa80000]
[error occurred during error reporting (printing stack bounds), id 0xc0000005]

Native frames: (J=compiled Java code, j=interpreted, Vv=VM code, C=native code)


Current CompileTask:
C2:   5515 4049       4       java.lang.Class::privateGetMethodRecursive (130 bytes)


---------------  P R O C E S S  ---------------

Java Threads: ( => current thread )
  0x000000001d8ce800 JavaThread "spring.cloud.inetutils" daemon [_thread_blocked, id=28756, stack(0x0000000022870000,0x0000000022970000)]
  0x00000000204d8800 JavaThread "commons-pool-EvictionTimer" daemon [_thread_blocked, id=27392, stack(0x00000000210d0000,0x00000000211d0000)]
  0x000000001b4cf000 JavaThread "ReaderThread" [_thread_in_native, id=3720, stack(0x000000001b780000,0x000000001b880000)]
  0x000000001a346800 JavaThread "Service Thread" daemon [_thread_blocked, id=6876, stack(0x000000001ad80000,0x000000001ae80000)]
  0x000000001a321800 JavaThread "C1 CompilerThread3" daemon [_thread_blocked, id=29308, stack(0x000000001ac80000,0x000000001ad80000)]
  0x000000001a323000 JavaThread "C2 CompilerThread2" daemon [_thread_in_native, id=9416, stack(0x000000001ab80000,0x000000001ac80000)]
  0x000000001a322800 JavaThread "C2 CompilerThread1" daemon [_thread_in_native, id=24896, stack(0x000000001aa80000,0x000000001ab80000)]
=>0x000000001a31b000 JavaThread "C2 CompilerThread0" daemon [_thread_in_native, id=23436, stack(0x000000001a980000,0x000000001aa80000)]
  0x000000001a318000 JavaThread "Attach Listener" daemon [_thread_blocked, id=7040, stack(0x000000001a880000,0x000000001a980000)]
  0x000000001a2c5800 JavaThread "Signal Dispatcher" daemon [_thread_blocked, id=4872, stack(0x000000001a780000,0x000000001a880000)]
  0x00000000183a6800 JavaThread "Finalizer" daemon [_thread_blocked, id=1424, stack(0x000000001a680000,0x000000001a780000)]
  0x000000001839f000 JavaThread "Reference Handler" daemon [_thread_blocked, id=580, stack(0x000000001a180000,0x000000001a280000)]
  0x0000000003369800 JavaThread "main" [_thread_in_Java, id=10928, stack(0x0000000003240000,0x0000000003340000)]

Other Threads:
  0x0000000018395800 VMThread [stack: 0x000000001a080000,0x000000001a180000] [id=24592]
  0x000000001a41b800 WatcherThread [stack: 0x000000001ae80000,0x000000001af80000] [id=29040]

VM state:not at safepoint (normal execution)

VM Mutex/Monitor currently owned by a thread: None

Heap:
 PSYoungGen      total 142848K, used 63765K [0x00000000d6000000, 0x00000000df700000, 0x0000000100000000)
  eden space 131072K, 43% used [0x00000000d6000000,0x00000000d97e61e0,0x00000000de000000)
  from space 11776K, 55% used [0x00000000deb80000,0x00000000df1df250,0x00000000df700000)
  to   space 11776K, 0% used [0x00000000de000000,0x00000000de000000,0x00000000deb80000)
 ParOldGen       total 83968K, used 21516K [0x0000000082000000, 0x0000000087200000, 0x00000000d6000000)
  object space 83968K, 25% used [0x0000000082000000,0x00000000835031c8,0x0000000087200000)
 Metaspace       used 37769K, capacity 38220K, committed 38528K, reserved 1083392K
  class space    used 4835K, capacity 4961K, committed 4992K, reserved 1048576K

Card table byte_map: [0x0000000012820000,0x0000000012c20000] byte_map_base: 0x0000000012410000

Marking Bits: (ParMarkBitMap*) 0x0000000056280860
 Begin Bits: [0x00000000136c0000, 0x0000000015640000)
 End Bits:   [0x0000000015640000, 0x00000000175c0000)

Polling page: 0x0000000000ff0000

CodeCache: size=245760Kb used=16105Kb max_used=16105Kb free=229654Kb
 bounds [0x0000000003460000, 0x0000000004430000, 0x0000000012460000]
 total_blobs=4560 nmethods=4129 adapters=343
 compilation: enabled

Compilation events (10 events):
Event: 5.509 Thread 0x000000001a321800 4220       2       org.springframework.core.env.PropertySourcesPropertyResolver::getProperty (174 bytes)
Event: 5.511 Thread 0x000000001a321800 nmethod 4220 0x000000000441f150 code [0x000000000441f4a0, 0x00000000044207b8]
Event: 5.511 Thread 0x000000001a321800 4224       2       org.springframework.beans.AbstractNestablePropertyAccessor::getPropertyNameTokens (268 bytes)
Event: 5.511 Thread 0x000000001a321800 nmethod 4224 0x0000000004421bd0 code [0x0000000004421e80, 0x0000000004422a18]
Event: 5.511 Thread 0x000000001a321800 4221       2       org.springframework.boot.bind.RelaxedDataBinder$BeanPath$PathNode::<init> (10 bytes)
Event: 5.511 Thread 0x000000001a321800 nmethod 4221 0x00000000044237d0 code [0x0000000004423920, 0x0000000004423a90]
Event: 5.511 Thread 0x000000001a321800 4222       2       org.springframework.boot.bind.RelaxedDataBinder$BeanPath::name (32 bytes)
Event: 5.512 Thread 0x000000001a321800 nmethod 4222 0x0000000004423b10 code [0x0000000004423c80, 0x0000000004423e98]
Event: 5.512 Thread 0x000000001a321800 4223       1       org.springframework.beans.MutablePropertyValues::getPropertyValueList (5 bytes)
Event: 5.512 Thread 0x000000001a321800 nmethod 4223 0x0000000004423f90 code [0x00000000044240e0, 0x00000000044241f0]

GC Heap History (10 events):
Event: 4.142 GC heap before
{Heap before GC invocations=10 (full 1):
 PSYoungGen      total 142848K, used 140120K [0x00000000d6000000, 0x00000000df700000, 0x0000000100000000)
  eden space 131072K, 100% used [0x00000000d6000000,0x00000000de000000,0x00000000de000000)
  from space 11776K, 76% used [0x00000000deb80000,0x00000000df456250,0x00000000df700000)
  to   space 11776K, 0% used [0x00000000de000000,0x00000000de000000,0x00000000deb80000)
 ParOldGen       total 54784K, used 9395K [0x0000000082000000, 0x0000000085580000, 0x00000000d6000000)
  object space 54784K, 17% used [0x0000000082000000,0x000000008292ceb8,0x0000000085580000)
 Metaspace       used 32270K, capacity 32714K, committed 32896K, reserved 1077248K
  class space    used 4078K, capacity 4182K, committed 4224K, reserved 1048576K
Event: 4.151 GC heap after
Heap after GC invocations=10 (full 1):
 PSYoungGen      total 142848K, used 10802K [0x00000000d6000000, 0x00000000df700000, 0x0000000100000000)
  eden space 131072K, 0% used [0x00000000d6000000,0x00000000d6000000,0x00000000de000000)
  from space 11776K, 91% used [0x00000000de000000,0x00000000dea8cb70,0x00000000deb80000)
  to   space 11776K, 0% used [0x00000000deb80000,0x00000000deb80000,0x00000000df700000)
 ParOldGen       total 54784K, used 9403K [0x0000000082000000, 0x0000000085580000, 0x00000000d6000000)
  object space 54784K, 17% used [0x0000000082000000,0x000000008292eeb8,0x0000000085580000)
 Metaspace       used 32270K, capacity 32714K, committed 32896K, reserved 1077248K
  class space    used 4078K, capacity 4182K, committed 4224K, reserved 1048576K
}
Event: 4.640 GC heap before
{Heap before GC invocations=11 (full 1):
 PSYoungGen      total 142848K, used 141874K [0x00000000d6000000, 0x00000000df700000, 0x0000000100000000)
  eden space 131072K, 100% used [0x00000000d6000000,0x00000000de000000,0x00000000de000000)
  from space 11776K, 91% used [0x00000000de000000,0x00000000dea8cb70,0x00000000deb80000)
  to   space 11776K, 0% used [0x00000000deb80000,0x00000000deb80000,0x00000000df700000)
 ParOldGen       total 54784K, used 9403K [0x0000000082000000, 0x0000000085580000, 0x00000000d6000000)
  object space 54784K, 17% used [0x0000000082000000,0x000000008292eeb8,0x0000000085580000)
 Metaspace       used 34325K, capacity 34786K, committed 35072K, reserved 1079296K
  class space    used 4376K, capacity 4506K, committed 4608K, reserved 1048576K
Event: 4.648 GC heap after
Heap after GC invocations=11 (full 1):
 PSYoungGen      total 142848K, used 9076K [0x00000000d6000000, 0x00000000df700000, 0x0000000100000000)
  eden space 131072K, 0% used [0x00000000d6000000,0x00000000d6000000,0x00000000de000000)
  from space 11776K, 77% used [0x00000000deb80000,0x00000000df45d2e0,0x00000000df700000)
  to   space 11776K, 0% used [0x00000000de000000,0x00000000de000000,0x00000000deb80000)
 ParOldGen       total 54784K, used 14508K [0x0000000082000000, 0x0000000085580000, 0x00000000d6000000)
  object space 54784K, 26% used [0x0000000082000000,0x0000000082e2b2e0,0x0000000085580000)
 Metaspace       used 34325K, capacity 34786K, committed 35072K, reserved 1079296K
  class space    used 4376K, capacity 4506K, committed 4608K, reserved 1048576K
}
Event: 4.723 GC heap before
{Heap before GC invocations=12 (full 1):
 PSYoungGen      total 142848K, used 26088K [0x00000000d6000000, 0x00000000df700000, 0x0000000100000000)
  eden space 131072K, 12% used [0x00000000d6000000,0x00000000d709cd80,0x00000000de000000)
  from space 11776K, 77% used [0x00000000deb80000,0x00000000df45d2e0,0x00000000df700000)
  to   space 11776K, 0% used [0x00000000de000000,0x00000000de000000,0x00000000deb80000)
 ParOldGen       total 54784K, used 14508K [0x0000000082000000, 0x0000000085580000, 0x00000000d6000000)
  object space 54784K, 26% used [0x0000000082000000,0x0000000082e2b2e0,0x0000000085580000)
 Metaspace       used 34849K, capacity 35266K, committed 35496K, reserved 1081344K
  class space    used 4424K, capacity 4538K, committed 4608K, reserved 1048576K
Event: 4.729 GC heap after
Heap after GC invocations=12 (full 1):
 PSYoungGen      total 142848K, used 1024K [0x00000000d6000000, 0x00000000df700000, 0x0000000100000000)
  eden space 131072K, 0% used [0x00000000d6000000,0x00000000d6000000,0x00000000de000000)
  from space 11776K, 8% used [0x00000000de000000,0x00000000de100038,0x00000000deb80000)
  to   space 11776K, 0% used [0x00000000deb80000,0x00000000deb80000,0x00000000df700000)
 ParOldGen       total 54784K, used 21764K [0x0000000082000000, 0x0000000085580000, 0x00000000d6000000)
  object space 54784K, 39% used [0x0000000082000000,0x00000000835412f0,0x0000000085580000)
 Metaspace       used 34849K, capacity 35266K, committed 35496K, reserved 1081344K
  class space    used 4424K, capacity 4538K, committed 4608K, reserved 1048576K
}
Event: 4.729 GC heap before
{Heap before GC invocations=13 (full 2):
 PSYoungGen      total 142848K, used 1024K [0x00000000d6000000, 0x00000000df700000, 0x0000000100000000)
  eden space 131072K, 0% used [0x00000000d6000000,0x00000000d6000000,0x00000000de000000)
  from space 11776K, 8% used [0x00000000de000000,0x00000000de100038,0x00000000deb80000)
  to   space 11776K, 0% used [0x00000000deb80000,0x00000000deb80000,0x00000000df700000)
 ParOldGen       total 54784K, used 21764K [0x0000000082000000, 0x0000000085580000, 0x00000000d6000000)
  object space 54784K, 39% used [0x0000000082000000,0x00000000835412f0,0x0000000085580000)
 Metaspace       used 34849K, capacity 35266K, committed 35496K, reserved 1081344K
  class space    used 4424K, capacity 4538K, committed 4608K, reserved 1048576K
Event: 4.845 GC heap after
Heap after GC invocations=13 (full 2):
 PSYoungGen      total 142848K, used 0K [0x00000000d6000000, 0x00000000df700000, 0x0000000100000000)
  eden space 131072K, 0% used [0x00000000d6000000,0x00000000d6000000,0x00000000de000000)
  from space 11776K, 0% used [0x00000000de000000,0x00000000de000000,0x00000000deb80000)
  to   space 11776K, 0% used [0x00000000deb80000,0x00000000deb80000,0x00000000df700000)
 ParOldGen       total 83968K, used 21508K [0x0000000082000000, 0x0000000087200000, 0x00000000d6000000)
  object space 83968K, 25% used [0x0000000082000000,0x00000000835011c8,0x0000000087200000)
 Metaspace       used 34849K, capacity 35266K, committed 35496K, reserved 1081344K
  class space    used 4424K, capacity 4538K, committed 4608K, reserved 1048576K
}
Event: 5.315 GC heap before
{Heap before GC invocations=14 (full 2):
 PSYoungGen      total 142848K, used 131072K [0x00000000d6000000, 0x00000000df700000, 0x0000000100000000)
  eden space 131072K, 100% used [0x00000000d6000000,0x00000000de000000,0x00000000de000000)
  from space 11776K, 0% used [0x00000000de000000,0x00000000de000000,0x00000000deb80000)
  to   space 11776K, 0% used [0x00000000deb80000,0x00000000deb80000,0x00000000df700000)
 ParOldGen       total 83968K, used 21508K [0x0000000082000000, 0x0000000087200000, 0x00000000d6000000)
  object space 83968K, 25% used [0x0000000082000000,0x00000000835011c8,0x0000000087200000)
 Metaspace       used 37296K, capacity 37772K, committed 38016K, reserved 1083392K
  class space    used 4771K, capacity 4897K, committed 4992K, reserved 1048576K
Event: 5.320 GC heap after
Heap after GC invocations=14 (full 2):
 PSYoungGen      total 142848K, used 6524K [0x00000000d6000000, 0x00000000df700000, 0x0000000100000000)
  eden space 131072K, 0% used [0x00000000d6000000,0x00000000d6000000,0x00000000de000000)
  from space 11776K, 55% used [0x00000000deb80000,0x00000000df1df250,0x00000000df700000)
  to   space 11776K, 0% used [0x00000000de000000,0x00000000de000000,0x00000000deb80000)
 ParOldGen       total 83968K, used 21516K [0x0000000082000000, 0x0000000087200000, 0x00000000d6000000)
  object space 83968K, 25% used [0x0000000082000000,0x00000000835031c8,0x0000000087200000)
 Metaspace       used 37296K, capacity 37772K, committed 38016K, reserved 1083392K
  class space    used 4771K, capacity 4897K, committed 4992K, reserved 1048576K
}

Deoptimization events (10 events):
Event: 4.674 Thread 0x0000000003369800 Uncommon trap: reason=null_check action=make_not_entrant pc=0x00000000040ee258 method=org.springframework.util.ClassUtils.isAssignable(Ljava/lang/Class;Ljava/lang/Class;)Z @ 14
Event: 4.675 Thread 0x0000000003369800 Uncommon trap: reason=unstable_if action=reinterpret pc=0x0000000004140474 method=org.springframework.asm.ClassReader.readCode(Lorg/springframework/asm/MethodVisitor;Lorg/springframework/asm/Context;I)V @ 720
Event: 5.098 Thread 0x0000000003369800 Uncommon trap: reason=null_check action=make_not_entrant pc=0x0000000004266f2c method=org.springframework.core.annotation.AnnotationUtils.isSynthesizable(Ljava/lang/Class;)Z @ 119
Event: 5.145 Thread 0x0000000003369800 Uncommon trap: reason=bimorphic action=maybe_recompile pc=0x000000000429c344 method=com.sun.beans.TypeResolver.resolve(Ljava/lang/reflect/Type;Ljava/lang/reflect/Type;)Ljava/lang/reflect/Type; @ 225
Event: 5.145 Thread 0x0000000003369800 Uncommon trap: reason=bimorphic action=maybe_recompile pc=0x000000000429c344 method=com.sun.beans.TypeResolver.resolve(Ljava/lang/reflect/Type;Ljava/lang/reflect/Type;)Ljava/lang/reflect/Type; @ 225
Event: 5.159 Thread 0x0000000003369800 Uncommon trap: reason=unstable_if action=reinterpret pc=0x0000000003f9425c method=org.springframework.asm.Type.getType([CI)Lorg/springframework/asm/Type; @ 181
Event: 5.172 Thread 0x0000000003369800 Uncommon trap: reason=unstable_if action=reinterpret pc=0x0000000003a9143c method=org.springframework.asm.Type.getType([CI)Lorg/springframework/asm/Type; @ 181
Event: 5.172 Thread 0x0000000003369800 Uncommon trap: reason=bimorphic action=maybe_recompile pc=0x00000000040bf5bc method=java.util.Collections$SetFromMap.contains(Ljava/lang/Object;)Z @ 5
Event: 5.173 Thread 0x0000000003369800 Uncommon trap: reason=bimorphic action=maybe_recompile pc=0x00000000040bf5bc method=java.util.Collections$SetFromMap.contains(Ljava/lang/Object;)Z @ 5
Event: 5.308 Thread 0x0000000003369800 Uncommon trap: reason=unstable_if action=reinterpret pc=0x00000000041d3f74 method=org.springframework.util.ConcurrentReferenceHashMap$Segment.findInChain(Lorg/springframework/util/ConcurrentReferenceHashMap$Reference;Ljava/lang/Object;I)Lorg/springframewo

Classes redefined (0 events):
No events

Internal exceptions (10 events):
Event: 5.404 Thread 0x0000000003369800 Exception <a 'java/lang/ClassNotFoundException': java/lang/ObjectCustomizer> (0x00000000d767b5b8) thrown at [C:\re\workspace\8-2-build-windows-amd64-cygwin\jdk8u162\10278\hotspot\src\share\vm\classfile\systemDictionary.cpp, line 210]
Event: 5.405 Thread 0x0000000003369800 Exception <a 'java/lang/ClassNotFoundException': org/springframework/cloud/config/client/ConfigClientHealthPropertiesCustomizer> (0x00000000d76b3168) thrown at [C:\re\workspace\8-2-build-windows-amd64-cygwin\jdk8u162\10278\hotspot\src\share\vm\classfile\s
Event: 5.409 Thread 0x0000000003369800 Exception <a 'java/lang/ClassNotFoundException': java/lang/ObjectCustomizer> (0x00000000d7724658) thrown at [C:\re\workspace\8-2-build-windows-amd64-cygwin\jdk8u162\10278\hotspot\src\share\vm\classfile\systemDictionary.cpp, line 210]
Event: 5.409 Thread 0x0000000003369800 Exception <a 'java/lang/ClassNotFoundException': org/springframework/cloud/netflix/rx/RxJavaAutoConfigurationCustomizer> (0x00000000d7758308) thrown at [C:\re\workspace\8-2-build-windows-amd64-cygwin\jdk8u162\10278\hotspot\src\share\vm\classfile\systemDic
Event: 5.410 Thread 0x0000000003369800 Exception <a 'java/lang/ClassNotFoundException': org/springframework/cloud/netflix/rx/RxJavaAutoConfiguration$$EnhancerBySpringCGLIB$$6f8dbd29Customizer> (0x00000000d7799c60) thrown at [C:\re\workspace\8-2-build-windows-amd64-cygwin\jdk8u162\10278\hotspot
Event: 5.410 Thread 0x0000000003369800 Exception <a 'java/lang/ClassNotFoundException': org/springframework/context/annotation/ConfigurationClassEnhancer$EnhancedConfigurationCustomizer> (0x00000000d77dc960) thrown at [C:\re\workspace\8-2-build-windows-amd64-cygwin\jdk8u162\10278\hotspot\src\s
Event: 5.491 Thread 0x0000000003369800 Exception <a 'java/lang/ClassNotFoundException': java/lang/ObjectCustomizer> (0x00000000d8f463d0) thrown at [C:\re\workspace\8-2-build-windows-amd64-cygwin\jdk8u162\10278\hotspot\src\share\vm\classfile\systemDictionary.cpp, line 210]
Event: 5.492 Thread 0x0000000003369800 Exception <a 'java/lang/ClassNotFoundException': org/springframework/cloud/bootstrap/config/PropertySourceBootstrapPropertiesCustomizer> (0x00000000d8f82048) thrown at [C:\re\workspace\8-2-build-windows-amd64-cygwin\jdk8u162\10278\hotspot\src\share\vm\cla
Event: 5.497 Thread 0x0000000003369800 Exception <a 'java/lang/ClassNotFoundException': java/lang/ObjectCustomizer> (0x00000000d91acba8) thrown at [C:\re\workspace\8-2-build-windows-amd64-cygwin\jdk8u162\10278\hotspot\src\share\vm\classfile\systemDictionary.cpp, line 210]
Event: 5.497 Thread 0x0000000003369800 Exception <a 'java/lang/ClassNotFoundException': org/springframework/cloud/bootstrap/encrypt/KeyPropertiesCustomizer> (0x00000000d91e00a0) thrown at [C:\re\workspace\8-2-build-windows-amd64-cygwin\jdk8u162\10278\hotspot\src\share\vm\classfile\systemDictio

Events (10 events):
Event: 5.496 loading class java/lang/ObjectCustomizer
Event: 5.496 loading class java/lang/ObjectCustomizer done
Event: 5.497 loading class java/lang/ObjectCustomizer
Event: 5.497 loading class java/lang/ObjectCustomizer done
Event: 5.497 loading class org/springframework/cloud/bootstrap/encrypt/KeyPropertiesCustomizer
Event: 5.497 loading class org/springframework/cloud/bootstrap/encrypt/KeyPropertiesCustomizer done
Event: 5.497 loading class org/springframework/cloud/bootstrap/encrypt/KeyPropertiesCustomizer
Event: 5.497 loading class org/springframework/cloud/bootstrap/encrypt/KeyPropertiesCustomizer done
Event: 5.497 loading class org/springframework/cloud/bootstrap/encrypt/KeyPropertiesCustomizer
Event: 5.497 loading class org/springframework/cloud/bootstrap/encrypt/KeyPropertiesCustomizer done


Dynamic libraries:
0x00007ff62f0e0000 - 0x00007ff62f117000 	C:\Program Files\Java\jdk1.8.0_162\bin\javaw.exe
0x00007ff8201c0000 - 0x00007ff8203a1000 	C:\WINDOWS\SYSTEM32\ntdll.dll
0x00007ff81d7b0000 - 0x00007ff81d862000 	C:\WINDOWS\System32\KERNEL32.DLL
0x00007ff81d1b0000 - 0x00007ff81d423000 	C:\WINDOWS\System32\KERNELBASE.dll
0x00007ff81de40000 - 0x00007ff81dee1000 	C:\WINDOWS\System32\ADVAPI32.dll
0x00007ff81fb70000 - 0x00007ff81fc0e000 	C:\WINDOWS\System32\msvcrt.dll
0x00007ff81f860000 - 0x00007ff81f8bb000 	C:\WINDOWS\System32\sechost.dll
0x00007ff820060000 - 0x00007ff820184000 	C:\WINDOWS\System32\RPCRT4.dll
0x00007ff81d870000 - 0x00007ff81da00000 	C:\WINDOWS\System32\USER32.dll
0x00007ff81cca0000 - 0x00007ff81ccc0000 	C:\WINDOWS\System32\win32u.dll
0x00007ff81ff40000 - 0x00007ff81ff68000 	C:\WINDOWS\System32\GDI32.dll
0x00007ff81cf10000 - 0x00007ff81d0a2000 	C:\WINDOWS\System32\gdi32full.dll
0x00007ff81d430000 - 0x00007ff81d4cf000 	C:\WINDOWS\System32\msvcp_win.dll
0x00007ff81d0b0000 - 0x00007ff81d1aa000 	C:\WINDOWS\System32\ucrtbase.dll
0x00007ff80e500000 - 0x00007ff80e769000 	C:\WINDOWS\WinSxS\amd64_microsoft.windows.common-controls_6595b64144ccf1df_6.0.17134.112_none_fb3f961b30681c12\COMCTL32.dll
0x00007ff81fc10000 - 0x00007ff81ff33000 	C:\WINDOWS\System32\combase.dll
0x00007ff81d580000 - 0x00007ff81d5fa000 	C:\WINDOWS\System32\bcryptPrimitives.dll
0x00007ff81ddf0000 - 0x00007ff81de1d000 	C:\WINDOWS\System32\IMM32.DLL
0x0000000056300000 - 0x00000000563d1000 	C:\Program Files\Java\jdk1.8.0_162\jre\bin\msvcr100.dll
0x0000000055a60000 - 0x0000000056300000 	C:\Program Files\Java\jdk1.8.0_162\jre\bin\server\jvm.dll
0x00007ff81def0000 - 0x00007ff81def8000 	C:\WINDOWS\System32\PSAPI.DLL
0x00007ff816500000 - 0x00007ff816509000 	C:\WINDOWS\SYSTEM32\WSOCK32.dll
0x00007ff8145e0000 - 0x00007ff8145ea000 	C:\WINDOWS\SYSTEM32\VERSION.dll
0x00007ff81a7f0000 - 0x00007ff81a813000 	C:\WINDOWS\SYSTEM32\WINMM.dll
0x00007ff81fb00000 - 0x00007ff81fb6c000 	C:\WINDOWS\System32\WS2_32.dll
0x00007ff81a7c0000 - 0x00007ff81a7ea000 	C:\WINDOWS\SYSTEM32\WINMMBASE.dll
0x00007ff81d600000 - 0x00007ff81d649000 	C:\WINDOWS\System32\cfgmgr32.dll
0x0000000055a50000 - 0x0000000055a5f000 	C:\Program Files\Java\jdk1.8.0_162\jre\bin\verify.dll
0x0000000055a20000 - 0x0000000055a49000 	C:\Program Files\Java\jdk1.8.0_162\jre\bin\java.dll
0x0000000055a00000 - 0x0000000055a16000 	C:\Program Files\Java\jdk1.8.0_162\jre\bin\zip.dll
0x00007ff81e420000 - 0x00007ff81f860000 	C:\WINDOWS\System32\SHELL32.dll
0x00007ff81dd40000 - 0x00007ff81dde9000 	C:\WINDOWS\System32\shcore.dll
0x00007ff81c590000 - 0x00007ff81cc9d000 	C:\WINDOWS\System32\windows.storage.dll
0x00007ff81db60000 - 0x00007ff81dbb1000 	C:\WINDOWS\System32\shlwapi.dll
0x00007ff81c500000 - 0x00007ff81c511000 	C:\WINDOWS\System32\kernel.appcore.dll
0x00007ff81c4d0000 - 0x00007ff81c4ef000 	C:\WINDOWS\System32\profapi.dll
0x00007ff81c520000 - 0x00007ff81c56c000 	C:\WINDOWS\System32\powrprof.dll
0x00007ff81c4f0000 - 0x00007ff81c4fa000 	C:\WINDOWS\System32\FLTLIB.DLL
0x00000000559e0000 - 0x00000000559fa000 	C:\Program Files\Java\jdk1.8.0_162\jre\bin\net.dll
0x00007ff81bcf0000 - 0x00007ff81bd56000 	C:\WINDOWS\system32\mswsock.dll
0x00007ff81ba70000 - 0x00007ff81baa8000 	C:\WINDOWS\SYSTEM32\IPHLPAPI.DLL
0x00007ff81df00000 - 0x00007ff81df08000 	C:\WINDOWS\System32\NSI.dll
0x00007ff818150000 - 0x00007ff818166000 	C:\WINDOWS\SYSTEM32\dhcpcsvc6.DLL
0x00007ff8180a0000 - 0x00007ff8180ba000 	C:\WINDOWS\SYSTEM32\dhcpcsvc.DLL
0x00007ff81bab0000 - 0x00007ff81bb6e000 	C:\WINDOWS\SYSTEM32\DNSAPI.dll
0x00007ff815140000 - 0x00007ff81514a000 	C:\Windows\System32\rasadhlp.dll
0x00007ff8183c0000 - 0x00007ff818432000 	C:\WINDOWS\System32\fwpuclnt.dll
0x00007ff81c030000 - 0x00007ff81c055000 	C:\WINDOWS\SYSTEM32\bcrypt.dll
0x00000000559d0000 - 0x00000000559dd000 	C:\Program Files\Java\jdk1.8.0_162\jre\bin\management.dll
0x00007ff809b40000 - 0x00007ff809b56000 	C:\WINDOWS\system32\napinsp.dll
0x00007ff809b20000 - 0x00007ff809b3a000 	C:\WINDOWS\system32\pnrpnsp.dll
0x00007ff81a360000 - 0x00007ff81a379000 	C:\WINDOWS\system32\NLAapi.dll
0x00007ff809960000 - 0x00007ff80996e000 	C:\WINDOWS\System32\winrnr.dll
0x00000000559b0000 - 0x00000000559c1000 	C:\Program Files\Java\jdk1.8.0_162\jre\bin\nio.dll
0x00007ff81bea0000 - 0x00007ff81beb7000 	C:\WINDOWS\SYSTEM32\CRYPTSP.dll
0x00007ff81b8d0000 - 0x00007ff81b903000 	C:\WINDOWS\system32\rsaenh.dll
0x00007ff81c3d0000 - 0x00007ff81c3f8000 	C:\WINDOWS\SYSTEM32\USERENV.dll
0x00007ff81bec0000 - 0x00007ff81becb000 	C:\WINDOWS\SYSTEM32\CRYPTBASE.dll

VM Arguments:
jvm_args: -Dfile.encoding=UTF-8 
java_command: org.eclipse.jdt.internal.junit.runner.RemoteTestRunner -version 3 -port 55848 -testLoaderClass org.eclipse.jdt.internal.junit4.runner.JUnit4TestLoader -loaderpluginname org.eclipse.jdt.junit4.runtime -classNames com.mo9.rabbitmq.ExchangeTest
java_class_path (initial): C:\Users\wblv\Desktop\tools\workspace\rabbitMq\rabbitMq\target\test-classes;C:\Users\wblv\Desktop\tools\workspace\rabbitMq\rabbitMq\target\classes;C:\Users\wblv\Desktop\tools\mo9\mo9\repository\org\springframework\cloud\spring-cloud-starter\1.2.5.RELEASE\spring-cloud-starter-1.2.5.RELEASE.jar;C:\Users\wblv\Desktop\tools\mo9\mo9\repository\org\springframework\boot\spring-boot-starter\1.5.2.RELEASE\spring-boot-starter-1.5.2.RELEASE.jar;C:\Users\wblv\Desktop\tools\mo9\mo9\repository\org\springframework\boot\spring-boot\1.5.2.RELEASE\spring-boot-1.5.2.RELEASE.jar;C:\Users\wblv\Desktop\tools\mo9\mo9\repository\org\springframework\boot\spring-boot-autoconfigure\1.5.2.RELEASE\spring-boot-autoconfigure-1.5.2.RELEASE.jar;C:\Users\wblv\Desktop\tools\mo9\mo9\repository\org\springframework\boot\spring-boot-starter-logging\1.5.2.RELEASE\spring-boot-starter-logging-1.5.2.RELEASE.jar;C:\Users\wblv\Desktop\tools\mo9\mo9\repository\ch\qos\logback\logback-classic\1.1.11\logback-classic-1.1.11.jar;C:\Users\wblv\Desktop\tools\mo9\mo9\repository\ch\qos\logback\logback-core\1.1.11\logback-core-1.1.11.jar;C:\Users\wblv\Desktop\tools\mo9\mo9\repository\org\slf4j\jul-to-slf4j\1.7.24\jul-to-slf4j-1.7.24.jar;C:\Users\wblv\Desktop\tools\mo9\mo9\repository\org\slf4j\log4j-over-slf4j\1.7.24\log4j-over-slf4j-1.7.24.jar;C:\Users\wblv\Desktop\tools\mo9\mo9\repository\org\yaml\snakeyaml\1.17\snakeyaml-1.17.jar;C:\Users\wblv\Desktop\tools\mo9\mo9\repository\org\springframework\cloud\spring-cloud-context\1.2.5.RELEASE\spring-cloud-context-1.2.5.RELEASE.jar;C:\Users\wblv\Desktop\tools\mo9\mo9\repository\org\springframework\security\spring-security-crypto\4.2.2.RELEASE\spring-security-crypto-4.2.2.RELEASE.jar;C:\Users\wblv\Desktop\tools\mo9\mo9\repository\org\springframework\cloud\spring-cloud-commons\1.2.5.RELEASE\spring-cloud-commons-1.2.5.RELEASE.jar;C:\Users\wblv\Desktop\tools\mo9\mo9\repository\org\springframework\security\spring-security-rsa\1.0.3.RELEASE\spring-securi
Launcher Type: SUN_STANDARD

Environment Variables:
JAVA_HOME=C:\Program Files\Java\jdk1.7.0_80
CLASSPATH=.;C:\Program Files\Java\jdk1.7.0_80\lib;C:\Program Files\Java\jdk1.7.0_80\lib\tools.jar
PATH=C:/Program Files/Java/jre1.8.0_162/bin/server;C:/Program Files/Java/jre1.8.0_162/bin;C:/Program Files/Java/jre1.8.0_162/lib/amd64;C:\ProgramData\Oracle\Java\javapath;C:\WINDOWS\system32;C:\WINDOWS;C:\WINDOWS\System32\Wbem;C:\WINDOWS\System32\WindowsPowerShell\v1.0\;"C:\Program Files\Java\jdk1.7.0_80\bin;C:\Program Files\Java\jdk1.7.0_80\jre\bin;";C:\Program Files\MySQL\MySQL Server 5.5\bin;C:\WINDOWS\System32\OpenSSH\;%ERL_HOME%\bin;C:\Users\wblv\AppData\Local\Microsoft\WindowsApps;;C:\Users\wblv\Desktop\tools\eclipse;
USERNAME=wblv
OS=Windows_NT
PROCESSOR_IDENTIFIER=Intel64 Family 6 Model 158 Stepping 9, GenuineIntel



---------------  S Y S T E M  ---------------

OS: Windows 10.0 , 64 bit Build 17134 (10.0.17134.1)

CPU:total 8 (initial active 8) (4 cores per cpu, 2 threads per core) family 6 model 158 stepping 9, cmov, cx8, fxsr, mmx, sse, sse2, sse3, ssse3, sse4.1, sse4.2, popcnt, avx, avx2, aes, clmul, erms, rtm, 3dnowpref, lzcnt, ht, tsc, tscinvbit, bmi1, bmi2, adx

Memory: 4k page, physical 8249452k(2549328k free), swap 33415276k(5360k free)

vm_info: Java HotSpot(TM) 64-Bit Server VM (25.162-b12) for windows-amd64 JRE (1.8.0_162-b12), built on Dec 19 2017 20:00:03 by "java_re" with MS VC++ 10.0 (VS2010)

time: Wed Jul 04 17:10:42 2018
elapsed time: 5 seconds (0d 0h 0m 5s)

