#
# There is insufficient memory for the Java Runtime Environment to continue.
# Native memory allocation (malloc) failed to allocate 294416 bytes for Chunk::new
# Possible reasons:
#   The system is out of physical RAM or swap space
#   In 32 bit mode, the process size limit was hit
# Possible solutions:
#   Reduce memory load on the system
#   Increase physical memory or swap space
#   Check if swap backing store is full
#   Use 64 bit Java on a 64 bit OS
#   Decrease Java heap size (-Xmx/-Xms)
#   Decrease number of Java threads
#   Decrease Java thread stack sizes (-Xss)
#   Set larger code cache with -XX:ReservedCodeCacheSize=
# This output file may be truncated or incomplete.
#
#  Out of Memory Error (allocation.cpp:390), pid=5512, tid=0x0000000000002d44
#
# JRE version: Java(TM) SE Runtime Environment (8.0_162-b12) (build 1.8.0_162-b12)
# Java VM: Java HotSpot(TM) 64-Bit Server VM (25.162-b12 mixed mode windows-amd64 compressed oops)
# Failed to write core dump. Minidumps are not enabled by default on client versions of Windows
#

---------------  T H R E A D  ---------------

Current thread (0x000000001a590000):  JavaThread "C2 CompilerThread1" daemon [_thread_in_native, id=11588, stack(0x000000001ad50000,0x000000001ae50000)]

Stack: [0x000000001ad50000,0x000000001ae50000]
[error occurred during error reporting (printing stack bounds), id 0xc0000005]

Native frames: (J=compiled Java code, j=interpreted, Vv=VM code, C=native code)


Current CompileTask:
C2:   4850 3763   !   4       org.springframework.util.ReflectionUtils::doWithMethods (176 bytes)


---------------  P R O C E S S  ---------------

Java Threads: ( => current thread )
  0x000000001be7b800 JavaThread "commons-pool-EvictionTimer" daemon [_thread_blocked, id=2132, stack(0x00000000211c0000,0x00000000212c0000)]
  0x000000001b79d800 JavaThread "ReaderThread" [_thread_in_native, id=13168, stack(0x000000001ba50000,0x000000001bb50000)]
  0x000000001a630000 JavaThread "Service Thread" daemon [_thread_blocked, id=6912, stack(0x000000001b050000,0x000000001b150000)]
  0x000000001a595000 JavaThread "C1 CompilerThread3" daemon [_thread_blocked, id=1432, stack(0x000000001af50000,0x000000001b050000)]
  0x000000001a591000 JavaThread "C2 CompilerThread2" daemon [_thread_in_native, id=13712, stack(0x000000001ae50000,0x000000001af50000)]
=>0x000000001a590000 JavaThread "C2 CompilerThread1" daemon [_thread_in_native, id=11588, stack(0x000000001ad50000,0x000000001ae50000)]
  0x000000001a589800 JavaThread "C2 CompilerThread0" daemon [_thread_in_native, id=1124, stack(0x000000001ac50000,0x000000001ad50000)]
  0x000000001a588000 JavaThread "Attach Listener" daemon [_thread_blocked, id=12596, stack(0x000000001ab50000,0x000000001ac50000)]
  0x000000001a587800 JavaThread "Signal Dispatcher" daemon [_thread_blocked, id=10392, stack(0x000000001aa50000,0x000000001ab50000)]
  0x0000000018617000 JavaThread "Finalizer" daemon [_thread_blocked, id=11772, stack(0x000000001a8f0000,0x000000001a9f0000)]
  0x0000000018610000 JavaThread "Reference Handler" daemon [_thread_blocked, id=14264, stack(0x000000001a3f0000,0x000000001a4f0000)]
  0x00000000035a9800 JavaThread "main" [_thread_in_native, id=9256, stack(0x00000000034a0000,0x00000000035a0000)]

Other Threads:
  0x0000000018606800 VMThread [stack: 0x000000001a2f0000,0x000000001a3f0000] [id=256]
  0x000000001a67d800 WatcherThread [stack: 0x000000001b150000,0x000000001b250000] [id=13812]

VM state:not at safepoint (normal execution)

VM Mutex/Monitor currently owned by a thread: None

Heap:
 PSYoungGen      total 142848K, used 108866K [0x00000000d6000000, 0x00000000df700000, 0x0000000100000000)
  eden space 131072K, 83% used [0x00000000d6000000,0x00000000dca509c8,0x00000000de000000)
  from space 11776K, 0% used [0x00000000de000000,0x00000000de000000,0x00000000deb80000)
  to   space 11264K, 0% used [0x00000000dec00000,0x00000000dec00000,0x00000000df700000)
 ParOldGen       total 55808K, used 21465K [0x0000000082000000, 0x0000000085680000, 0x00000000d6000000)
  object space 55808K, 38% used [0x0000000082000000,0x00000000834f6470,0x0000000085680000)
 Metaspace       used 37066K, capacity 37548K, committed 38016K, reserved 1083392K
  class space    used 4749K, capacity 4865K, committed 4992K, reserved 1048576K

Card table byte_map: [0x0000000012a60000,0x0000000012e60000] byte_map_base: 0x0000000012650000

Marking Bits: (ParMarkBitMap*) 0x0000000056280860
 Begin Bits: [0x0000000013900000, 0x0000000015880000)
 End Bits:   [0x0000000015880000, 0x0000000017800000)

Polling page: 0x0000000001690000

CodeCache: size=245760Kb used=13108Kb max_used=14130Kb free=232652Kb
 bounds [0x00000000036a0000, 0x00000000044a0000, 0x00000000126a0000]
 total_blobs=3880 nmethods=3450 adapters=342
 compilation: enabled

Compilation events (10 events):
Event: 4.798 Thread 0x000000001a595000 4039   !   3       sun.reflect.GeneratedConstructorAccessor2::newInstance (53 bytes)
Event: 4.798 Thread 0x000000001a595000 nmethod 4039 0x0000000003ab2790 code [0x0000000003ab2980, 0x0000000003ab31c8]
Event: 4.802 Thread 0x000000001a595000 4040       3       org.springframework.core.LocalVariableTableParameterNameDiscoverer$LocalVariableTableVisitor::<init> (67 bytes)
Event: 4.802 Thread 0x000000001a595000 nmethod 4040 0x0000000003b8b090 code [0x0000000003b8b220, 0x0000000003b8b5e8]
Event: 4.802 Thread 0x000000001a595000 4041       3       org.springframework.core.LocalVariableTableParameterNameDiscoverer$LocalVariableTableVisitor::computeLvtSlotIndices (57 bytes)
Event: 4.802 Thread 0x000000001a595000 nmethod 4041 0x0000000003ce66d0 code [0x0000000003ce6860, 0x0000000003ce6c90]
Event: 4.802 Thread 0x000000001a595000 4042       3       org.springframework.core.LocalVariableTableParameterNameDiscoverer$LocalVariableTableVisitor::visitEnd (41 bytes)
Event: 4.802 Thread 0x000000001a595000 nmethod 4042 0x0000000003b5c650 code [0x0000000003b5c7c0, 0x0000000003b5cad8]
Event: 4.804 Thread 0x000000001a595000 4043       3       sun.reflect.generics.parser.SignatureParser::parseFormalTypeParameters (119 bytes)
Event: 4.805 Thread 0x000000001a595000 nmethod 4043 0x000000000387ce90 code [0x000000000387d1c0, 0x000000000387e858]

GC Heap History (10 events):
Event: 3.197 GC heap before
{Heap before GC invocations=9 (full 1):
 PSYoungGen      total 142848K, used 138878K [0x00000000d6000000, 0x00000000df700000, 0x0000000100000000)
  eden space 131072K, 100% used [0x00000000d6000000,0x00000000de000000,0x00000000de000000)
  from space 11776K, 66% used [0x00000000de000000,0x00000000de79fbb8,0x00000000deb80000)
  to   space 11264K, 0% used [0x00000000dec00000,0x00000000dec00000,0x00000000df700000)
 ParOldGen       total 55808K, used 9427K [0x0000000082000000, 0x0000000085680000, 0x00000000d6000000)
  object space 55808K, 16% used [0x0000000082000000,0x0000000082934cb8,0x0000000085680000)
 Metaspace       used 29759K, capacity 30146K, committed 30592K, reserved 1075200K
  class space    used 3764K, capacity 3850K, committed 3968K, reserved 1048576K
Event: 3.203 GC heap after
Heap after GC invocations=9 (full 1):
 PSYoungGen      total 142336K, used 9196K [0x00000000d6000000, 0x00000000df700000, 0x0000000100000000)
  eden space 131072K, 0% used [0x00000000d6000000,0x00000000d6000000,0x00000000de000000)
  from space 11264K, 81% used [0x00000000dec00000,0x00000000df4fb030,0x00000000df700000)
  to   space 11776K, 0% used [0x00000000de000000,0x00000000de000000,0x00000000deb80000)
 ParOldGen       total 55808K, used 9435K [0x0000000082000000, 0x0000000085680000, 0x00000000d6000000)
  object space 55808K, 16% used [0x0000000082000000,0x0000000082936cb8,0x0000000085680000)
 Metaspace       used 29759K, capacity 30146K, committed 30592K, reserved 1075200K
  class space    used 3764K, capacity 3850K, committed 3968K, reserved 1048576K
}
Event: 3.771 GC heap before
{Heap before GC invocations=10 (full 1):
 PSYoungGen      total 142336K, used 140268K [0x00000000d6000000, 0x00000000df700000, 0x0000000100000000)
  eden space 131072K, 100% used [0x00000000d6000000,0x00000000de000000,0x00000000de000000)
  from space 11264K, 81% used [0x00000000dec00000,0x00000000df4fb030,0x00000000df700000)
  to   space 11776K, 0% used [0x00000000de000000,0x00000000de000000,0x00000000deb80000)
 ParOldGen       total 55808K, used 9435K [0x0000000082000000, 0x0000000085680000, 0x00000000d6000000)
  object space 55808K, 16% used [0x0000000082000000,0x0000000082936cb8,0x0000000085680000)
 Metaspace       used 32239K, capacity 32650K, committed 32896K, reserved 1077248K
  class space    used 4082K, capacity 4182K, committed 4224K, reserved 1048576K
Event: 3.779 GC heap after
Heap after GC invocations=10 (full 1):
 PSYoungGen      total 142848K, used 10827K [0x00000000d6000000, 0x00000000df700000, 0x0000000100000000)
  eden space 131072K, 0% used [0x00000000d6000000,0x00000000d6000000,0x00000000de000000)
  from space 11776K, 91% used [0x00000000de000000,0x00000000dea92f50,0x00000000deb80000)
  to   space 11264K, 0% used [0x00000000dec00000,0x00000000dec00000,0x00000000df700000)
 ParOldGen       total 55808K, used 9443K [0x0000000082000000, 0x0000000085680000, 0x00000000d6000000)
  object space 55808K, 16% used [0x0000000082000000,0x0000000082938cb8,0x0000000085680000)
 Metaspace       used 32239K, capacity 32650K, committed 32896K, reserved 1077248K
  class space    used 4082K, capacity 4182K, committed 4224K, reserved 1048576K
}
Event: 4.252 GC heap before
{Heap before GC invocations=11 (full 1):
 PSYoungGen      total 142848K, used 141899K [0x00000000d6000000, 0x00000000df700000, 0x0000000100000000)
  eden space 131072K, 100% used [0x00000000d6000000,0x00000000de000000,0x00000000de000000)
  from space 11776K, 91% used [0x00000000de000000,0x00000000dea92f50,0x00000000deb80000)
  to   space 11264K, 0% used [0x00000000dec00000,0x00000000dec00000,0x00000000df700000)
 ParOldGen       total 55808K, used 9443K [0x0000000082000000, 0x0000000085680000, 0x00000000d6000000)
  object space 55808K, 16% used [0x0000000082000000,0x0000000082938cb8,0x0000000085680000)
 Metaspace       used 34295K, capacity 34722K, committed 35072K, reserved 1079296K
  class space    used 4377K, capacity 4506K, committed 4608K, reserved 1048576K
Event: 4.261 GC heap after
Heap after GC invocations=11 (full 1):
 PSYoungGen      total 142336K, used 9012K [0x00000000d6000000, 0x00000000df700000, 0x0000000100000000)
  eden space 131072K, 0% used [0x00000000d6000000,0x00000000d6000000,0x00000000de000000)
  from space 11264K, 80% used [0x00000000dec00000,0x00000000df4cd2e0,0x00000000df700000)
  to   space 11776K, 0% used [0x00000000de000000,0x00000000de000000,0x00000000deb80000)
 ParOldGen       total 55808K, used 14628K [0x0000000082000000, 0x0000000085680000, 0x00000000d6000000)
  object space 55808K, 26% used [0x0000000082000000,0x0000000082e490e0,0x0000000085680000)
 Metaspace       used 34295K, capacity 34722K, committed 35072K, reserved 1079296K
  class space    used 4377K, capacity 4506K, committed 4608K, reserved 1048576K
}
Event: 4.327 GC heap before
{Heap before GC invocations=12 (full 1):
 PSYoungGen      total 142336K, used 23522K [0x00000000d6000000, 0x00000000df700000, 0x0000000100000000)
  eden space 131072K, 11% used [0x00000000d6000000,0x00000000d6e2b850,0x00000000de000000)
  from space 11264K, 80% used [0x00000000dec00000,0x00000000df4cd2e0,0x00000000df700000)
  to   space 11776K, 0% used [0x00000000de000000,0x00000000de000000,0x00000000deb80000)
 ParOldGen       total 55808K, used 14628K [0x0000000082000000, 0x0000000085680000, 0x00000000d6000000)
  object space 55808K, 26% used [0x0000000082000000,0x0000000082e490e0,0x0000000085680000)
 Metaspace       used 34780K, capacity 35202K, committed 35496K, reserved 1081344K
  class space    used 4423K, capacity 4538K, committed 4608K, reserved 1048576K
Event: 4.333 GC heap after
Heap after GC invocations=12 (full 1):
 PSYoungGen      total 142848K, used 895K [0x00000000d6000000, 0x00000000df700000, 0x0000000100000000)
  eden space 131072K, 0% used [0x00000000d6000000,0x00000000d6000000,0x00000000de000000)
  from space 11776K, 7% used [0x00000000de000000,0x00000000de0dfc40,0x00000000deb80000)
  to   space 11264K, 0% used [0x00000000dec00000,0x00000000dec00000,0x00000000df700000)
 ParOldGen       total 55808K, used 21840K [0x0000000082000000, 0x0000000085680000, 0x00000000d6000000)
  object space 55808K, 39% used [0x0000000082000000,0x0000000083554100,0x0000000085680000)
 Metaspace       used 34780K, capacity 35202K, committed 35496K, reserved 1081344K
  class space    used 4423K, capacity 4538K, committed 4608K, reserved 1048576K
}
Event: 4.333 GC heap before
{Heap before GC invocations=13 (full 2):
 PSYoungGen      total 142848K, used 895K [0x00000000d6000000, 0x00000000df700000, 0x0000000100000000)
  eden space 131072K, 0% used [0x00000000d6000000,0x00000000d6000000,0x00000000de000000)
  from space 11776K, 7% used [0x00000000de000000,0x00000000de0dfc40,0x00000000deb80000)
  to   space 11264K, 0% used [0x00000000dec00000,0x00000000dec00000,0x00000000df700000)
 ParOldGen       total 55808K, used 21840K [0x0000000082000000, 0x0000000085680000, 0x00000000d6000000)
  object space 55808K, 39% used [0x0000000082000000,0x0000000083554100,0x0000000085680000)
 Metaspace       used 34780K, capacity 35202K, committed 35496K, reserved 1081344K
  class space    used 4423K, capacity 4538K, committed 4608K, reserved 1048576K
Event: 4.454 GC heap after
Heap after GC invocations=13 (full 2):
 PSYoungGen      total 142848K, used 0K [0x00000000d6000000, 0x00000000df700000, 0x0000000100000000)
  eden space 131072K, 0% used [0x00000000d6000000,0x00000000d6000000,0x00000000de000000)
  from space 11776K, 0% used [0x00000000de000000,0x00000000de000000,0x00000000deb80000)
  to   space 11264K, 0% used [0x00000000dec00000,0x00000000dec00000,0x00000000df700000)
 ParOldGen       total 55808K, used 21465K [0x0000000082000000, 0x0000000085680000, 0x00000000d6000000)
  object space 55808K, 38% used [0x0000000082000000,0x00000000834f6470,0x0000000085680000)
 Metaspace       used 34780K, capacity 35202K, committed 35496K, reserved 1081344K
  class space    used 4423K, capacity 4538K, committed 4608K, reserved 1048576K
}

Deoptimization events (10 events):
Event: 4.104 Thread 0x00000000035a9800 Uncommon trap: reason=bimorphic action=maybe_recompile pc=0x0000000003bb9ffc method=org.springframework.core.annotation.AnnotationUtils.isSynthesizable(Ljava/lang/Class;)Z @ 59
Event: 4.126 Thread 0x00000000035a9800 Uncommon trap: reason=unstable_if action=reinterpret pc=0x0000000004346e2c method=org.springframework.beans.factory.support.AbstractBeanFactory.isTypeMatch(Ljava/lang/String;Lorg/springframework/core/ResolvableType;)Z @ 478
Event: 4.138 Thread 0x00000000035a9800 Uncommon trap: reason=unstable_if action=reinterpret pc=0x00000000041693d8 method=org.springframework.util.StringUtils.collectionToDelimitedString(Ljava/util/Collection;Ljava/lang/String;Ljava/lang/String;Ljava/lang/String;)Ljava/lang/String; @ 4
Event: 4.284 Thread 0x00000000035a9800 Uncommon trap: reason=null_check action=make_not_entrant pc=0x00000000042ef018 method=org.springframework.util.ClassUtils.isAssignable(Ljava/lang/Class;Ljava/lang/Class;)Z @ 14
Event: 4.285 Thread 0x00000000035a9800 Uncommon trap: reason=unstable_if action=reinterpret pc=0x00000000043299c4 method=org.springframework.asm.ClassReader.readCode(Lorg/springframework/asm/MethodVisitor;Lorg/springframework/asm/Context;I)V @ 720
Event: 4.710 Thread 0x00000000035a9800 Uncommon trap: reason=null_check action=make_not_entrant pc=0x0000000003bbc50c method=org.springframework.core.annotation.AnnotationUtils.isSynthesizable(Ljava/lang/Class;)Z @ 119
Event: 4.775 Thread 0x00000000035a9800 Uncommon trap: reason=unstable_if action=reinterpret pc=0x00000000041a749c method=org.springframework.asm.Type.getType([CI)Lorg/springframework/asm/Type; @ 181
Event: 4.789 Thread 0x00000000035a9800 Uncommon trap: reason=unstable_if action=reinterpret pc=0x0000000003c9b73c method=org.springframework.asm.Type.getType([CI)Lorg/springframework/asm/Type; @ 181
Event: 4.789 Thread 0x00000000035a9800 Uncommon trap: reason=bimorphic action=maybe_recompile pc=0x00000000042a82bc method=java.util.Collections$SetFromMap.contains(Ljava/lang/Object;)Z @ 5
Event: 4.790 Thread 0x00000000035a9800 Uncommon trap: reason=bimorphic action=maybe_recompile pc=0x00000000042a82bc method=java.util.Collections$SetFromMap.contains(Ljava/lang/Object;)Z @ 5

Classes redefined (0 events):
No events

Internal exceptions (10 events):
Event: 4.805 Thread 0x00000000035a9800 Exception <a 'java/lang/ClassNotFoundException': org/springframework/data/redis/core/RedisKeyValueTemplateCustomizer> (0x00000000dc1cf0b8) thrown at [C:\re\workspace\8-2-build-windows-amd64-cygwin\jdk8u162\10278\hotspot\src\share\vm\classfile\systemDictio
Event: 4.806 Thread 0x00000000035a9800 Exception <a 'java/lang/ClassNotFoundException': org/springframework/data/keyvalue/core/KeyValueOperationsCustomizer> (0x00000000dc2112b0) thrown at [C:\re\workspace\8-2-build-windows-amd64-cygwin\jdk8u162\10278\hotspot\src\share\vm\classfile\systemDictio
Event: 4.806 Thread 0x00000000035a9800 Exception <a 'java/lang/ClassNotFoundException': org/springframework/context/ApplicationEventPublisherAwareCustomizer> (0x00000000dc258c18) thrown at [C:\re\workspace\8-2-build-windows-amd64-cygwin\jdk8u162\10278\hotspot\src\share\vm\classfile\systemDicti
Event: 4.807 Thread 0x00000000035a9800 Exception <a 'java/lang/ClassNotFoundException': java/lang/ObjectCustomizer> (0x00000000dc27a8b0) thrown at [C:\re\workspace\8-2-build-windows-amd64-cygwin\jdk8u162\10278\hotspot\src\share\vm\classfile\systemDictionary.cpp, line 210]
Event: 4.807 Thread 0x00000000035a9800 Exception <a 'java/lang/ClassNotFoundException': org/springframework/boot/autoconfigure/gson/GsonAutoConfigurationCustomizer> (0x00000000dc2b1a20) thrown at [C:\re\workspace\8-2-build-windows-amd64-cygwin\jdk8u162\10278\hotspot\src\share\vm\classfile\syst
Event: 4.808 Thread 0x00000000035a9800 Exception <a 'java/lang/ClassNotFoundException': org/springframework/boot/autoconfigure/gson/GsonAutoConfiguration$$EnhancerBySpringCGLIB$$dfa27a1bCustomizer> (0x00000000dc2f64f8) thrown at [C:\re\workspace\8-2-build-windows-amd64-cygwin\jdk8u162\10278\ho
Event: 4.808 Thread 0x00000000035a9800 Exception <a 'java/lang/ClassNotFoundException': org/springframework/context/annotation/ConfigurationClassEnhancer$EnhancedConfigurationCustomizer> (0x00000000dc33a400) thrown at [C:\re\workspace\8-2-build-windows-amd64-cygwin\jdk8u162\10278\hotspot\src\s
Event: 4.840 Thread 0x00000000035a9800 Exception <a 'java/lang/ClassNotFoundException': java/lang/ObjectCustomizer> (0x00000000dc6e55b0) thrown at [C:\re\workspace\8-2-build-windows-amd64-cygwin\jdk8u162\10278\hotspot\src\share\vm\classfile\systemDictionary.cpp, line 210]
Event: 4.840 Thread 0x00000000035a9800 Exception <a 'java/lang/ClassNotFoundException': com/google/gson/GsonCustomizer> (0x00000000dc7058f8) thrown at [C:\re\workspace\8-2-build-windows-amd64-cygwin\jdk8u162\10278\hotspot\src\share\vm\classfile\systemDictionary.cpp, line 210]
Event: 4.842 Thread 0x00000000035a9800 Exception <a 'java/lang/ClassNotFoundException': java/lang/ObjectCustomizer> (0x00000000dc736388) thrown at [C:\re\workspace\8-2-build-windows-amd64-cygwin\jdk8u162\10278\hotspot\src\share\vm\classfile\systemDictionary.cpp, line 210]

Events (10 events):
Event: 4.840 loading class com/google/gson/GsonCustomizer
Event: 4.840 loading class com/google/gson/GsonCustomizer done
Event: 4.840 loading class com/google/gson/GsonCustomizer
Event: 4.840 loading class com/google/gson/GsonCustomizer done
Event: 4.841 loading class java/lang/ObjectCustomizer
Event: 4.841 loading class java/lang/ObjectCustomizer done
Event: 4.842 loading class java/lang/ObjectCustomizer
Event: 4.842 loading class java/lang/ObjectCustomizer done
Event: 4.842 loading class org/springframework/boot/autoconfigure/web/JacksonHttpMessageConvertersConfigurationCustomizer
Event: 4.842 loading class org/springframework/boot/autoconfigure/web/JacksonHttpMessageConvertersConfigurationCustomizer done


Dynamic libraries:
0x00007ff62f0e0000 - 0x00007ff62f117000 	C:\Program Files\Java\jdk1.8.0_162\bin\javaw.exe
0x00007ff8201c0000 - 0x00007ff8203a1000 	C:\WINDOWS\SYSTEM32\ntdll.dll
0x00007ff81d7b0000 - 0x00007ff81d862000 	C:\WINDOWS\System32\KERNEL32.DLL
0x00007ff81d1b0000 - 0x00007ff81d423000 	C:\WINDOWS\System32\KERNELBASE.dll
0x00007ff81de40000 - 0x00007ff81dee1000 	C:\WINDOWS\System32\ADVAPI32.dll
0x00007ff81fb70000 - 0x00007ff81fc0e000 	C:\WINDOWS\System32\msvcrt.dll
0x00007ff81f860000 - 0x00007ff81f8bb000 	C:\WINDOWS\System32\sechost.dll
0x00007ff820060000 - 0x00007ff820184000 	C:\WINDOWS\System32\RPCRT4.dll
0x00007ff81d870000 - 0x00007ff81da00000 	C:\WINDOWS\System32\USER32.dll
0x00007ff81cca0000 - 0x00007ff81ccc0000 	C:\WINDOWS\System32\win32u.dll
0x00007ff81ff40000 - 0x00007ff81ff68000 	C:\WINDOWS\System32\GDI32.dll
0x00007ff81cf10000 - 0x00007ff81d0a2000 	C:\WINDOWS\System32\gdi32full.dll
0x00007ff81d430000 - 0x00007ff81d4cf000 	C:\WINDOWS\System32\msvcp_win.dll
0x00007ff81d0b0000 - 0x00007ff81d1aa000 	C:\WINDOWS\System32\ucrtbase.dll
0x00007ff80e500000 - 0x00007ff80e769000 	C:\WINDOWS\WinSxS\amd64_microsoft.windows.common-controls_6595b64144ccf1df_6.0.17134.112_none_fb3f961b30681c12\COMCTL32.dll
0x00007ff81fc10000 - 0x00007ff81ff33000 	C:\WINDOWS\System32\combase.dll
0x00007ff81d580000 - 0x00007ff81d5fa000 	C:\WINDOWS\System32\bcryptPrimitives.dll
0x00007ff81ddf0000 - 0x00007ff81de1d000 	C:\WINDOWS\System32\IMM32.DLL
0x0000000056300000 - 0x00000000563d1000 	C:\Program Files\Java\jdk1.8.0_162\jre\bin\msvcr100.dll
0x0000000055a60000 - 0x0000000056300000 	C:\Program Files\Java\jdk1.8.0_162\jre\bin\server\jvm.dll
0x00007ff81def0000 - 0x00007ff81def8000 	C:\WINDOWS\System32\PSAPI.DLL
0x00007ff816500000 - 0x00007ff816509000 	C:\WINDOWS\SYSTEM32\WSOCK32.dll
0x00007ff8145e0000 - 0x00007ff8145ea000 	C:\WINDOWS\SYSTEM32\VERSION.dll
0x00007ff81a7f0000 - 0x00007ff81a813000 	C:\WINDOWS\SYSTEM32\WINMM.dll
0x00007ff81fb00000 - 0x00007ff81fb6c000 	C:\WINDOWS\System32\WS2_32.dll
0x00007ff81a7c0000 - 0x00007ff81a7ea000 	C:\WINDOWS\SYSTEM32\winmmbase.dll
0x00007ff81d600000 - 0x00007ff81d649000 	C:\WINDOWS\System32\cfgmgr32.dll
0x0000000055a50000 - 0x0000000055a5f000 	C:\Program Files\Java\jdk1.8.0_162\jre\bin\verify.dll
0x0000000055a20000 - 0x0000000055a49000 	C:\Program Files\Java\jdk1.8.0_162\jre\bin\java.dll
0x0000000055a00000 - 0x0000000055a16000 	C:\Program Files\Java\jdk1.8.0_162\jre\bin\zip.dll
0x00007ff81e420000 - 0x00007ff81f860000 	C:\WINDOWS\System32\SHELL32.dll
0x00007ff81dd40000 - 0x00007ff81dde9000 	C:\WINDOWS\System32\shcore.dll
0x00007ff81c590000 - 0x00007ff81cc9d000 	C:\WINDOWS\System32\windows.storage.dll
0x00007ff81db60000 - 0x00007ff81dbb1000 	C:\WINDOWS\System32\shlwapi.dll
0x00007ff81c500000 - 0x00007ff81c511000 	C:\WINDOWS\System32\kernel.appcore.dll
0x00007ff81c4d0000 - 0x00007ff81c4ef000 	C:\WINDOWS\System32\profapi.dll
0x00007ff81c520000 - 0x00007ff81c56c000 	C:\WINDOWS\System32\powrprof.dll
0x00007ff81c4f0000 - 0x00007ff81c4fa000 	C:\WINDOWS\System32\FLTLIB.DLL
0x00000000559e0000 - 0x00000000559fa000 	C:\Program Files\Java\jdk1.8.0_162\jre\bin\net.dll
0x00007ff81bcf0000 - 0x00007ff81bd56000 	C:\WINDOWS\system32\mswsock.dll
0x00007ff81ba70000 - 0x00007ff81baa8000 	C:\WINDOWS\SYSTEM32\IPHLPAPI.DLL
0x00007ff81df00000 - 0x00007ff81df08000 	C:\WINDOWS\System32\NSI.dll
0x00007ff818150000 - 0x00007ff818166000 	C:\WINDOWS\SYSTEM32\dhcpcsvc6.DLL
0x00007ff8180a0000 - 0x00007ff8180ba000 	C:\WINDOWS\SYSTEM32\dhcpcsvc.DLL
0x00007ff81bab0000 - 0x00007ff81bb6e000 	C:\WINDOWS\SYSTEM32\DNSAPI.dll
0x00007ff815140000 - 0x00007ff81514a000 	C:\Windows\System32\rasadhlp.dll
0x00007ff8183c0000 - 0x00007ff818432000 	C:\WINDOWS\System32\fwpuclnt.dll
0x00007ff81c030000 - 0x00007ff81c055000 	C:\WINDOWS\SYSTEM32\bcrypt.dll
0x00000000559d0000 - 0x00000000559dd000 	C:\Program Files\Java\jdk1.8.0_162\jre\bin\management.dll
0x00007ff809b40000 - 0x00007ff809b56000 	C:\WINDOWS\system32\napinsp.dll
0x00007ff809b20000 - 0x00007ff809b3a000 	C:\WINDOWS\system32\pnrpnsp.dll
0x00007ff81a360000 - 0x00007ff81a379000 	C:\WINDOWS\system32\NLAapi.dll
0x00007ff809960000 - 0x00007ff80996e000 	C:\WINDOWS\System32\winrnr.dll
0x00000000559b0000 - 0x00000000559c1000 	C:\Program Files\Java\jdk1.8.0_162\jre\bin\nio.dll
0x00007ff81bea0000 - 0x00007ff81beb7000 	C:\WINDOWS\SYSTEM32\CRYPTSP.dll
0x00007ff81b8d0000 - 0x00007ff81b903000 	C:\WINDOWS\system32\rsaenh.dll
0x00007ff81c3d0000 - 0x00007ff81c3f8000 	C:\WINDOWS\SYSTEM32\USERENV.dll
0x00007ff81bec0000 - 0x00007ff81becb000 	C:\WINDOWS\SYSTEM32\CRYPTBASE.dll

VM Arguments:
jvm_args: -Dfile.encoding=UTF-8 
java_command: org.eclipse.jdt.internal.junit.runner.RemoteTestRunner -version 3 -port 55854 -testLoaderClass org.eclipse.jdt.internal.junit4.runner.JUnit4TestLoader -loaderpluginname org.eclipse.jdt.junit4.runtime -classNames com.mo9.rabbitmq.ExchangeTest
java_class_path (initial): C:\Users\wblv\Desktop\tools\workspace\rabbitMq\rabbitMq\target\test-classes;C:\Users\wblv\Desktop\tools\workspace\rabbitMq\rabbitMq\target\classes;C:\Users\wblv\Desktop\tools\mo9\mo9\repository\org\springframework\cloud\spring-cloud-starter\1.2.5.RELEASE\spring-cloud-starter-1.2.5.RELEASE.jar;C:\Users\wblv\Desktop\tools\mo9\mo9\repository\org\springframework\boot\spring-boot-starter\1.5.2.RELEASE\spring-boot-starter-1.5.2.RELEASE.jar;C:\Users\wblv\Desktop\tools\mo9\mo9\repository\org\springframework\boot\spring-boot\1.5.2.RELEASE\spring-boot-1.5.2.RELEASE.jar;C:\Users\wblv\Desktop\tools\mo9\mo9\repository\org\springframework\boot\spring-boot-autoconfigure\1.5.2.RELEASE\spring-boot-autoconfigure-1.5.2.RELEASE.jar;C:\Users\wblv\Desktop\tools\mo9\mo9\repository\org\springframework\boot\spring-boot-starter-logging\1.5.2.RELEASE\spring-boot-starter-logging-1.5.2.RELEASE.jar;C:\Users\wblv\Desktop\tools\mo9\mo9\repository\ch\qos\logback\logback-classic\1.1.11\logback-classic-1.1.11.jar;C:\Users\wblv\Desktop\tools\mo9\mo9\repository\ch\qos\logback\logback-core\1.1.11\logback-core-1.1.11.jar;C:\Users\wblv\Desktop\tools\mo9\mo9\repository\org\slf4j\jul-to-slf4j\1.7.24\jul-to-slf4j-1.7.24.jar;C:\Users\wblv\Desktop\tools\mo9\mo9\repository\org\slf4j\log4j-over-slf4j\1.7.24\log4j-over-slf4j-1.7.24.jar;C:\Users\wblv\Desktop\tools\mo9\mo9\repository\org\yaml\snakeyaml\1.17\snakeyaml-1.17.jar;C:\Users\wblv\Desktop\tools\mo9\mo9\repository\org\springframework\cloud\spring-cloud-context\1.2.5.RELEASE\spring-cloud-context-1.2.5.RELEASE.jar;C:\Users\wblv\Desktop\tools\mo9\mo9\repository\org\springframework\security\spring-security-crypto\4.2.2.RELEASE\spring-security-crypto-4.2.2.RELEASE.jar;C:\Users\wblv\Desktop\tools\mo9\mo9\repository\org\springframework\cloud\spring-cloud-commons\1.2.5.RELEASE\spring-cloud-commons-1.2.5.RELEASE.jar;C:\Users\wblv\Desktop\tools\mo9\mo9\repository\org\springframework\security\spring-security-rsa\1.0.3.RELEASE\spring-securi
Launcher Type: SUN_STANDARD

Environment Variables:
JAVA_HOME=C:\Program Files\Java\jdk1.7.0_80
CLASSPATH=.;C:\Program Files\Java\jdk1.7.0_80\lib;C:\Program Files\Java\jdk1.7.0_80\lib\tools.jar
PATH=C:/Program Files/Java/jre1.8.0_162/bin/server;C:/Program Files/Java/jre1.8.0_162/bin;C:/Program Files/Java/jre1.8.0_162/lib/amd64;C:\ProgramData\Oracle\Java\javapath;C:\WINDOWS\system32;C:\WINDOWS;C:\WINDOWS\System32\Wbem;C:\WINDOWS\System32\WindowsPowerShell\v1.0\;"C:\Program Files\Java\jdk1.7.0_80\bin;C:\Program Files\Java\jdk1.7.0_80\jre\bin;";C:\Program Files\MySQL\MySQL Server 5.5\bin;C:\WINDOWS\System32\OpenSSH\;%ERL_HOME%\bin;C:\Users\wblv\AppData\Local\Microsoft\WindowsApps;;C:\Users\wblv\Desktop\tools\eclipse;
USERNAME=wblv
OS=Windows_NT
PROCESSOR_IDENTIFIER=Intel64 Family 6 Model 158 Stepping 9, GenuineIntel



---------------  S Y S T E M  ---------------

OS: Windows 10.0 , 64 bit Build 17134 (10.0.17134.1)

CPU:total 8 (initial active 8) (4 cores per cpu, 2 threads per core) family 6 model 158 stepping 9, cmov, cx8, fxsr, mmx, sse, sse2, sse3, ssse3, sse4.1, sse4.2, popcnt, avx, avx2, aes, clmul, erms, rtm, 3dnowpref, lzcnt, ht, tsc, tscinvbit, bmi1, bmi2, adx

Memory: 4k page, physical 8249452k(2501336k free), swap 33415276k(5324k free)

vm_info: Java HotSpot(TM) 64-Bit Server VM (25.162-b12) for windows-amd64 JRE (1.8.0_162-b12), built on Dec 19 2017 20:00:03 by "java_re" with MS VC++ 10.0 (VS2010)

time: Wed Jul 04 17:11:18 2018
elapsed time: 4 seconds (0d 0h 0m 4s)

