#
# There is insufficient memory for the Java Runtime Environment to continue.
# Native memory allocation (malloc) failed to allocate 1048576 bytes for AllocateHeap
# Possible reasons:
#   The system is out of physical RAM or swap space
#   In 32 bit mode, the process size limit was hit
# Possible solutions:
#   Reduce memory load on the system
#   Increase physical memory or swap space
#   Check if swap backing store is full
#   Use 64 bit Java on a 64 bit OS
#   Decrease Java heap size (-Xmx/-Xms)
#   Decrease number of Java threads
#   Decrease Java thread stack sizes (-Xss)
#   Set larger code cache with -XX:ReservedCodeCacheSize=
# This output file may be truncated or incomplete.
#
#  Out of Memory Error (memory/allocation.inline.hpp:61), pid=28288, tid=0x0000000000006fb8
#
# JRE version:  (8.0_162-b12) (build )
# Java VM: Java HotSpot(TM) 64-Bit Server VM (25.162-b12 mixed mode windows-amd64 compressed oops)
# Failed to write core dump. Minidumps are not enabled by default on client versions of Windows
#

---------------  T H R E A D  ---------------

Current thread (0x00000000033b9800):  JavaThread "Unknown thread" [_thread_in_vm, id=28600, stack(0x00000000032b0000,0x00000000033b0000)]

Stack: [0x00000000032b0000,0x00000000033b0000]
[error occurred during error reporting (printing stack bounds), id 0xc0000005]

Native frames: (J=compiled Java code, j=interpreted, Vv=VM code, C=native code)


---------------  P R O C E S S  ---------------

Java Threads: ( => current thread )

Other Threads:

=>0x00000000033b9800 (exited) JavaThread "Unknown thread" [_thread_in_vm, id=28600, stack(0x00000000032b0000,0x00000000033b0000)]

VM state:not at safepoint (normal execution)

VM Mutex/Monitor currently owned by a thread: None

Heap:
 PSYoungGen      total 37888K, used 655K [0x00000000d6000000, 0x00000000d8a00000, 0x0000000100000000)
  eden space 32768K, 2% used [0x00000000d6000000,0x00000000d60a3d80,0x00000000d8000000)
  from space 5120K, 0% used [0x00000000d8500000,0x00000000d8500000,0x00000000d8a00000)
  to   space 5120K, 0% used [0x00000000d8000000,0x00000000d8000000,0x00000000d8500000)
 ParOldGen       total 86016K, used 0K [0x0000000082000000, 0x0000000087400000, 0x00000000d6000000)
  object space 86016K, 0% used [0x0000000082000000,0x0000000082000000,0x0000000087400000)
 Metaspace       used 770K, capacity 4480K, committed 4480K, reserved 1056768K
  class space    used 75K, capacity 384K, committed 384K, reserved 1048576K

Card table byte_map: [0x0000000012870000,0x0000000012c70000] byte_map_base: 0x0000000012460000

Marking Bits: (ParMarkBitMap*) 0x0000000056290860
 Begin Bits: [0x0000000013710000, 0x0000000015690000)
 End Bits:   [0x0000000015690000, 0x0000000017610000)

Polling page: 0x0000000000f00000

CodeCache: size=245760Kb used=328Kb max_used=328Kb free=245431Kb
 bounds [0x00000000034b0000, 0x0000000003720000, 0x00000000124b0000]
 total_blobs=58 nmethods=0 adapters=38
 compilation: enabled

Compilation events (0 events):
No events

GC Heap History (0 events):
No events

Deoptimization events (0 events):
No events

Classes redefined (0 events):
No events

Internal exceptions (0 events):
No events

Events (10 events):
Event: 0.027 loading class java/lang/Short
Event: 0.027 loading class java/lang/Short done
Event: 0.027 loading class java/lang/Integer
Event: 0.027 loading class java/lang/Integer done
Event: 0.027 loading class java/lang/Long
Event: 0.027 loading class java/lang/Long done
Event: 0.028 loading class java/lang/NullPointerException
Event: 0.028 loading class java/lang/NullPointerException done
Event: 0.028 loading class java/lang/ArithmeticException
Event: 0.028 loading class java/lang/ArithmeticException done


Dynamic libraries:
0x00007ff62f0e0000 - 0x00007ff62f117000 	C:\Program Files\Java\jdk1.8.0_162\bin\javaw.exe
0x00007ff8201c0000 - 0x00007ff8203a1000 	C:\WINDOWS\SYSTEM32\ntdll.dll
0x00007ff81d7b0000 - 0x00007ff81d862000 	C:\WINDOWS\System32\KERNEL32.DLL
0x00007ff81d1b0000 - 0x00007ff81d423000 	C:\WINDOWS\System32\KERNELBASE.dll
0x00007ff81de40000 - 0x00007ff81dee1000 	C:\WINDOWS\System32\ADVAPI32.dll
0x00007ff81fb70000 - 0x00007ff81fc0e000 	C:\WINDOWS\System32\msvcrt.dll
0x00007ff81f860000 - 0x00007ff81f8bb000 	C:\WINDOWS\System32\sechost.dll
0x00007ff820060000 - 0x00007ff820184000 	C:\WINDOWS\System32\RPCRT4.dll
0x00007ff81d870000 - 0x00007ff81da00000 	C:\WINDOWS\System32\USER32.dll
0x00007ff81cca0000 - 0x00007ff81ccc0000 	C:\WINDOWS\System32\win32u.dll
0x00007ff81ff40000 - 0x00007ff81ff68000 	C:\WINDOWS\System32\GDI32.dll
0x00007ff81cf10000 - 0x00007ff81d0a2000 	C:\WINDOWS\System32\gdi32full.dll
0x00007ff81d430000 - 0x00007ff81d4cf000 	C:\WINDOWS\System32\msvcp_win.dll
0x00007ff81d0b0000 - 0x00007ff81d1aa000 	C:\WINDOWS\System32\ucrtbase.dll
0x00007ff80e500000 - 0x00007ff80e769000 	C:\WINDOWS\WinSxS\amd64_microsoft.windows.common-controls_6595b64144ccf1df_6.0.17134.112_none_fb3f961b30681c12\COMCTL32.dll
0x00007ff81fc10000 - 0x00007ff81ff33000 	C:\WINDOWS\System32\combase.dll
0x00007ff81d580000 - 0x00007ff81d5fa000 	C:\WINDOWS\System32\bcryptPrimitives.dll
0x00007ff81ddf0000 - 0x00007ff81de1d000 	C:\WINDOWS\System32\IMM32.DLL
0x0000000056310000 - 0x00000000563e1000 	C:\Program Files\Java\jdk1.8.0_162\jre\bin\msvcr100.dll
0x0000000055a70000 - 0x0000000056310000 	C:\Program Files\Java\jdk1.8.0_162\jre\bin\server\jvm.dll
0x00007ff81def0000 - 0x00007ff81def8000 	C:\WINDOWS\System32\PSAPI.DLL
0x00007ff816500000 - 0x00007ff816509000 	C:\WINDOWS\SYSTEM32\WSOCK32.dll
0x00007ff8145e0000 - 0x00007ff8145ea000 	C:\WINDOWS\SYSTEM32\VERSION.dll
0x00007ff81fb00000 - 0x00007ff81fb6c000 	C:\WINDOWS\System32\WS2_32.dll
0x00007ff81a7f0000 - 0x00007ff81a813000 	C:\WINDOWS\SYSTEM32\WINMM.dll
0x00007ff81a7c0000 - 0x00007ff81a7ea000 	C:\WINDOWS\SYSTEM32\winmmbase.dll
0x00007ff81d600000 - 0x00007ff81d649000 	C:\WINDOWS\System32\cfgmgr32.dll
0x0000000055a60000 - 0x0000000055a6f000 	C:\Program Files\Java\jdk1.8.0_162\jre\bin\verify.dll
0x0000000055a30000 - 0x0000000055a59000 	C:\Program Files\Java\jdk1.8.0_162\jre\bin\java.dll
0x0000000055a10000 - 0x0000000055a26000 	C:\Program Files\Java\jdk1.8.0_162\jre\bin\zip.dll

VM Arguments:
jvm_args: -Dfile.encoding=UTF-8 
java_command: org.eclipse.jdt.internal.junit.runner.RemoteTestRunner -version 3 -port 55909 -testLoaderClass org.eclipse.jdt.internal.junit4.runner.JUnit4TestLoader -loaderpluginname org.eclipse.jdt.junit4.runtime -classNames com.mo9.rabbitmq.ExchangeTest
java_class_path (initial): C:\Users\wblv\Desktop\tools\workspace\rabbitMq\rabbitMq\target\test-classes;C:\Users\wblv\Desktop\tools\workspace\rabbitMq\rabbitMq\target\classes;C:\Users\wblv\Desktop\tools\mo9\mo9\repository\org\springframework\cloud\spring-cloud-starter\1.2.5.RELEASE\spring-cloud-starter-1.2.5.RELEASE.jar;C:\Users\wblv\Desktop\tools\mo9\mo9\repository\org\springframework\boot\spring-boot-starter\1.5.2.RELEASE\spring-boot-starter-1.5.2.RELEASE.jar;C:\Users\wblv\Desktop\tools\mo9\mo9\repository\org\springframework\boot\spring-boot\1.5.2.RELEASE\spring-boot-1.5.2.RELEASE.jar;C:\Users\wblv\Desktop\tools\mo9\mo9\repository\org\springframework\boot\spring-boot-autoconfigure\1.5.2.RELEASE\spring-boot-autoconfigure-1.5.2.RELEASE.jar;C:\Users\wblv\Desktop\tools\mo9\mo9\repository\org\springframework\boot\spring-boot-starter-logging\1.5.2.RELEASE\spring-boot-starter-logging-1.5.2.RELEASE.jar;C:\Users\wblv\Desktop\tools\mo9\mo9\repository\ch\qos\logback\logback-classic\1.1.11\logback-classic-1.1.11.jar;C:\Users\wblv\Desktop\tools\mo9\mo9\repository\ch\qos\logback\logback-core\1.1.11\logback-core-1.1.11.jar;C:\Users\wblv\Desktop\tools\mo9\mo9\repository\org\slf4j\jul-to-slf4j\1.7.24\jul-to-slf4j-1.7.24.jar;C:\Users\wblv\Desktop\tools\mo9\mo9\repository\org\slf4j\log4j-over-slf4j\1.7.24\log4j-over-slf4j-1.7.24.jar;C:\Users\wblv\Desktop\tools\mo9\mo9\repository\org\yaml\snakeyaml\1.17\snakeyaml-1.17.jar;C:\Users\wblv\Desktop\tools\mo9\mo9\repository\org\springframework\cloud\spring-cloud-context\1.2.5.RELEASE\spring-cloud-context-1.2.5.RELEASE.jar;C:\Users\wblv\Desktop\tools\mo9\mo9\repository\org\springframework\security\spring-security-crypto\4.2.2.RELEASE\spring-security-crypto-4.2.2.RELEASE.jar;C:\Users\wblv\Desktop\tools\mo9\mo9\repository\org\springframework\cloud\spring-cloud-commons\1.2.5.RELEASE\spring-cloud-commons-1.2.5.RELEASE.jar;C:\Users\wblv\Desktop\tools\mo9\mo9\repository\org\springframework\security\spring-security-rsa\1.0.3.RELEASE\spring-securi
Launcher Type: SUN_STANDARD

Environment Variables:
JAVA_HOME=C:\Program Files\Java\jdk1.7.0_80
CLASSPATH=.;C:\Program Files\Java\jdk1.7.0_80\lib;C:\Program Files\Java\jdk1.7.0_80\lib\tools.jar
PATH=C:/Program Files/Java/jre1.8.0_162/bin/server;C:/Program Files/Java/jre1.8.0_162/bin;C:/Program Files/Java/jre1.8.0_162/lib/amd64;C:\ProgramData\Oracle\Java\javapath;C:\WINDOWS\system32;C:\WINDOWS;C:\WINDOWS\System32\Wbem;C:\WINDOWS\System32\WindowsPowerShell\v1.0\;"C:\Program Files\Java\jdk1.7.0_80\bin;C:\Program Files\Java\jdk1.7.0_80\jre\bin;";C:\Program Files\MySQL\MySQL Server 5.5\bin;C:\WINDOWS\System32\OpenSSH\;%ERL_HOME%\bin;C:\Users\wblv\AppData\Local\Microsoft\WindowsApps;;C:\Users\wblv\Desktop\tools\eclipse;
USERNAME=wblv
OS=Windows_NT
PROCESSOR_IDENTIFIER=Intel64 Family 6 Model 158 Stepping 9, GenuineIntel



---------------  S Y S T E M  ---------------

OS: Windows 10.0 , 64 bit Build 17134 (10.0.17134.1)

CPU:total 8 (initial active 8) (4 cores per cpu, 2 threads per core) family 6 model 158 stepping 9, cmov, cx8, fxsr, mmx, sse, sse2, sse3, ssse3, sse4.1, sse4.2, popcnt, avx, avx2, aes, clmul, erms, rtm, 3dnowpref, lzcnt, ht, tsc, tscinvbit, bmi1, bmi2, adx

Memory: 4k page, physical 8249452k(3252444k free), swap 33415276k(5684k free)

vm_info: Java HotSpot(TM) 64-Bit Server VM (25.162-b12) for windows-amd64 JRE (1.8.0_162-b12), built on Dec 19 2017 20:00:03 by "java_re" with MS VC++ 10.0 (VS2010)

time: Wed Jul 04 17:15:33 2018
elapsed time: 0 seconds (0d 0h 0m 0s)

